# JRE version: Java(TM) SE Runtime Environment (8.0_144-b01) (build 1.8.0_144-b01)
# Java VM: Java HotSpot(TM) Client VM (25.144-b01 mixed mode windows-x86 )
Heap:
 def new generation   total 73600K, used 69341K [0x04800000, 0x097d0000, 0x0f2a0000)
  eden space 65472K, 100% used [0x04800000, 0x087f0000, 0x087f0000)
  from space 8128K,  47% used [0x08fe0000, 0x093a74a0, 0x097d0000)
  to   space 8128K,   1% used [0x087f0000, 0x08810c30, 0x08fe0000)
 tenured generation   total 163328K, used 97996K [0x0f2a0000, 0x19220000, 0x24800000)
   the space 163328K,  59% used [0x0f2a0000, 0x15253308, 0x15253400, 0x19220000)
 Metaspace       used 34611K, capacity 37329K, committed 37376K, reserved 38272K
GC Heap History (10 events):
Event: 939.060 GC heap after
Heap after GC invocations=137 (full 8):
 def new generation   total 54592K, used 6016K [0x04800000, 0x08330000, 0x0f2a0000)
  eden space 48576K,   0% used [0x04800000, 0x04800000, 0x07770000)
  from space 6016K, 100% used [0x07770000, 0x07d50000, 0x07d50000)
  to   space 6016K,   0% used [0x07d50000, 0x07d50000, 0x08330000)
 tenured generation   total 120944K, used 115023K [0x0f2a0000, 0x168bc000, 0x24800000)
   the space 120944K,  95% used [0x0f2a0000, 0x162f3da0, 0x162f3e00, 0x168bc000)
 Metaspace       used 34596K, capacity 37303K, committed 37376K, reserved 38272K
}
Event: 948.026 GC heap before
{Heap before GC invocations=137 (full 8):
 def new generation   total 54592K, used 54592K [0x04800000, 0x08330000, 0x0f2a0000)
  eden space 48576K, 100% used [0x04800000, 0x07770000, 0x07770000)
  from space 6016K, 100% used [0x07770000, 0x07d50000, 0x07d50000)
  to   space 6016K,   0% used [0x07d50000, 0x07d50000, 0x08330000)
 tenured generation   total 120944K, used 115023K [0x0f2a0000, 0x168bc000, 0x24800000)
   the space 120944K,  95% used [0x0f2a0000, 0x162f3da0, 0x162f3e00, 0x168bc000)
 Metaspace       used 34597K, capacity 37303K, committed 37376K, reserved 38272K
Event: 948.276 GC heap after
Heap after GC invocations=138 (full 9):
 def new generation   total 73600K, used 0K [0x04800000, 0x097d0000, 0x0f2a0000)
  eden space 65472K,   0% used [0x04800000, 0x04800000, 0x087f0000)
  from space 8128K,   0% used [0x087f0000, 0x087f0000, 0x08fe0000)
  to   space 8128K,   0% used [0x08fe0000, 0x08fe0000, 0x097d0000)
 tenured generation   total 163328K, used 97996K [0x0f2a0000, 0x19220000, 0x24800000)
   the space 163328K,  59% used [0x0f2a0000, 0x15253308, 0x15253400, 0x19220000)
 Metaspace       used 34475K, capacity 37133K, committed 37376K, reserved 38272K
}
Event: 972.683 GC heap before
{Heap before GC invocations=138 (full 9):
 def new generation   total 73600K, used 65472K [0x04800000, 0x097d0000, 0x0f2a0000)
  eden space 65472K, 100% used [0x04800000, 0x087f0000, 0x087f0000)
  from space 8128K,   0% used [0x087f0000, 0x087f0030, 0x08fe0000)
  to   space 8128K,   0% used [0x08fe0000, 0x08fe0000, 0x097d0000)
 tenured generation   total 163328K, used 97996K [0x0f2a0000, 0x19220000, 0x24800000)
   the space 163328K,  59% used [0x0f2a0000, 0x15253308, 0x15253400, 0x19220000)
 Metaspace       used 34544K, capacity 37231K, committed 37376K, reserved 38272K
Event: 972.697 GC heap after
Heap after GC invocations=139 (full 9):
 def new generation   total 73600K, used 2838K [0x04800000, 0x097d0000, 0x0f2a0000)
  eden space 65472K,   0% used [0x04800000, 0x04800000, 0x087f0000)
  from space 8128K,  34% used [0x08fe0000, 0x092a5b88, 0x097d0000)
  to   space 8128K,   0% used [0x087f0000, 0x087f0000, 0x08fe0000)
 tenured generation   total 163328K, used 97996K [0x0f2a0000, 0x19220000, 0x24800000)
   the space 163328K,  59% used [0x0f2a0000, 0x15253308, 0x15253400, 0x19220000)
 Metaspace       used 34544K, capacity 37231K, committed 37376K, reserved 38272K
}
Event: 972.698 GC heap before
{Heap before GC invocations=139 (full 9):
 def new generation   total 73600K, used 3730K [0x04800000, 0x097d0000, 0x0f2a0000)
  eden space 65472K,   1% used [0x04800000, 0x048deec0, 0x087f0000)
  from space 8128K,  34% used [0x08fe0000, 0x092a5b88, 0x097d0000)
  to   space 8128K,   0% used [0x087f0000, 0x087f0000, 0x08fe0000)
 tenured generation   total 163328K, used 97996K [0x0f2a0000, 0x19220000, 0x24800000)
   the space 163328K,  59% used [0x0f2a0000, 0x15253308, 0x15253400, 0x19220000)
 Metaspace       used 34544K, capacity 37231K, committed 37376K, reserved 38272K
Event: 972.707 GC heap after
Heap after GC invocations=140 (full 9):
 def new generation   total 73600K, used 2839K [0x04800000, 0x097d0000, 0x0f2a0000)
  eden space 65472K,   0% used [0x04800000, 0x04800000, 0x087f0000)
  from space 8128K,  34% used [0x087f0000, 0x08ab5c78, 0x08fe0000)
  to   space 8128K,   0% used [0x08fe0000, 0x08fe0000, 0x097d0000)
 tenured generation   total 163328K, used 97996K [0x0f2a0000, 0x19220000, 0x24800000)
   the space 163328K,  59% used [0x0f2a0000, 0x15253308, 0x15253400, 0x19220000)
 Metaspace       used 34544K, capacity 37231K, committed 37376K, reserved 38272K
}
Event: 981.305 GC heap before
{Heap before GC invocations=140 (full 9):
 def new generation   total 73600K, used 68311K [0x04800000, 0x097d0000, 0x0f2a0000)
  eden space 65472K, 100% used [0x04800000, 0x087f0000, 0x087f0000)
  from space 8128K,  34% used [0x087f0000, 0x08ab5c78, 0x08fe0000)
  to   space 8128K,   0% used [0x08fe0000, 0x08fe0000, 0x097d0000)
 tenured generation   total 163328K, used 97996K [0x0f2a0000, 0x19220000, 0x24800000)
   the space 163328K,  59% used [0x0f2a0000, 0x15253308, 0x15253400, 0x19220000)
 Metaspace       used 34611K, capacity 37329K, committed 37376K, reserved 38272K
Event: 981.317 GC heap after
Heap after GC invocations=141 (full 9):
 def new generation   total 73600K, used 3869K [0x04800000, 0x097d0000, 0x0f2a0000)
  eden space 65472K,   0% used [0x04800000, 0x04800000, 0x087f0000)
  from space 8128K,  47% used [0x08fe0000, 0x093a7488, 0x097d0000)
  to   space 8128K,   0% used [0x087f0000, 0x087f0000, 0x08fe0000)
 tenured generation   total 163328K, used 97996K [0x0f2a0000, 0x19220000, 0x24800000)
   the space 163328K,  59% used [0x0f2a0000, 0x15253308, 0x15253400, 0x19220000)
 Metaspace       used 34611K, capacity 37329K, committed 37376K, reserved 38272K
}
Event: 1006.251 GC heap before
{Heap before GC invocations=141 (full 9):
 def new generation   total 73600K, used 69341K [0x04800000, 0x097d0000, 0x0f2a0000)
  eden space 65472K, 100% used [0x04800000, 0x087f0000, 0x087f0000)
  from space 8128K,  47% used [0x08fe0000, 0x093a74a0, 0x097d0000)
  to   space 8128K,   0% used [0x087f0000, 0x087f0000, 0x08fe0000)
 tenured generation   total 163328K, used 97996K [0x0f2a0000, 0x19220000, 0x24800000)
   the space 163328K,  59% used [0x0f2a0000, 0x15253308, 0x15253400, 0x19220000)
 Metaspace       used 34611K, capacity 37329K, committed 37376K, reserved 38272K

