# JRE version: Java(TM) SE Runtime Environment (8.0_144-b01) (build 1.8.0_144-b01)
# Java VM: Java HotSpot(TM) Client VM (25.144-b01 mixed mode windows-x86 )
Heap:
 def new generation   total 54720K, used 5609K [0x04800000, 0x08350000, 0x0f2a0000)
  eden space 48704K,   0% used [0x04800000, 0x04800000, 0x07790000)
  from space 6016K,  93% used [0x07d70000, 0x082ea578, 0x08350000)
  to   space 6016K,   0% used [0x07790000, 0x07790000, 0x07d70000)
 tenured generation   total 122944K, used 122886K [0x0f2a0000, 0x16ab0000, 0x24800000)
   the space 122944K,  99% used [0x0f2a0000, 0x16aa1990, 0x16aa1a00, 0x16ab0000)
 Metaspace       used 34614K, capacity 37243K, committed 37376K, reserved 38272K
GC Heap History (10 events):
Event: 629.105 GC heap after
Heap after GC invocations=1038 (full 9):
 def new generation   total 54720K, used 4440K [0x04800000, 0x08350000, 0x0f2a0000)
  eden space 48704K,   0% used [0x04800000, 0x04800000, 0x07790000)
  from space 6016K,  73% used [0x07790000, 0x07be6150, 0x07d70000)
  to   space 6016K,   0% used [0x07d70000, 0x07d70000, 0x08350000)
 tenured generation   total 121272K, used 116843K [0x0f2a0000, 0x1690e000, 0x24800000)
   the space 121272K,  96% used [0x0f2a0000, 0x164bac58, 0x164bae00, 0x1690e000)
 Metaspace       used 34614K, capacity 37243K, committed 37376K, reserved 38272K
}
Event: 632.418 GC heap before
{Heap before GC invocations=1038 (full 9):
 def new generation   total 54720K, used 53144K [0x04800000, 0x08350000, 0x0f2a0000)
  eden space 48704K, 100% used [0x04800000, 0x07790000, 0x07790000)
  from space 6016K,  73% used [0x07790000, 0x07be6150, 0x07d70000)
  to   space 6016K,   0% used [0x07d70000, 0x07d70000, 0x08350000)
 tenured generation   total 121272K, used 116843K [0x0f2a0000, 0x1690e000, 0x24800000)
   the space 121272K,  96% used [0x0f2a0000, 0x164bac58, 0x164bae00, 0x1690e000)
 Metaspace       used 34614K, capacity 37243K, committed 37376K, reserved 38272K
Event: 632.449 GC heap after
Heap after GC invocations=1039 (full 9):
 def new generation   total 54720K, used 5097K [0x04800000, 0x08350000, 0x0f2a0000)
  eden space 48704K,   0% used [0x04800000, 0x04800000, 0x07790000)
  from space 6016K,  84% used [0x07d70000, 0x0826a4a0, 0x08350000)
  to   space 6016K,   0% used [0x07790000, 0x07790000, 0x07d70000)
 tenured generation   total 121272K, used 118430K [0x0f2a0000, 0x1690e000, 0x24800000)
   the space 121272K,  97% used [0x0f2a0000, 0x166479c0, 0x16647a00, 0x1690e000)
 Metaspace       used 34614K, capacity 37243K, committed 37376K, reserved 38272K
}
Event: 651.265 GC heap before
{Heap before GC invocations=1039 (full 9):
 def new generation   total 54720K, used 53801K [0x04800000, 0x08350000, 0x0f2a0000)
  eden space 48704K, 100% used [0x04800000, 0x07790000, 0x07790000)
  from space 6016K,  84% used [0x07d70000, 0x0826a4a0, 0x08350000)
  to   space 6016K,   0% used [0x07790000, 0x07790000, 0x07d70000)
 tenured generation   total 121272K, used 118430K [0x0f2a0000, 0x1690e000, 0x24800000)
   the space 121272K,  97% used [0x0f2a0000, 0x166479c0, 0x16647a00, 0x1690e000)
 Metaspace       used 34614K, capacity 37243K, committed 37376K, reserved 38272K
Event: 651.288 GC heap after
Heap after GC invocations=1040 (full 9):
 def new generation   total 54720K, used 2773K [0x04800000, 0x08350000, 0x0f2a0000)
  eden space 48704K,   0% used [0x04800000, 0x04800000, 0x07790000)
  from space 6016K,  46% used [0x07790000, 0x07a45488, 0x07d70000)
  to   space 6016K,   0% used [0x07d70000, 0x07d70000, 0x08350000)
 tenured generation   total 121272K, used 120765K [0x0f2a0000, 0x1690e000, 0x24800000)
   the space 121272K,  99% used [0x0f2a0000, 0x1688f4e8, 0x1688f600, 0x1690e000)
 Metaspace       used 34614K, capacity 37243K, committed 37376K, reserved 38272K
}
Event: 653.899 GC heap before
{Heap before GC invocations=1040 (full 9):
 def new generation   total 54720K, used 51477K [0x04800000, 0x08350000, 0x0f2a0000)
  eden space 48704K, 100% used [0x04800000, 0x07790000, 0x07790000)
  from space 6016K,  46% used [0x07790000, 0x07a45488, 0x07d70000)
  to   space 6016K,   0% used [0x07d70000, 0x07d70000, 0x08350000)
 tenured generation   total 121272K, used 120765K [0x0f2a0000, 0x1690e000, 0x24800000)
   the space 121272K,  99% used [0x0f2a0000, 0x1688f4e8, 0x1688f600, 0x1690e000)
 Metaspace       used 34614K, capacity 37243K, committed 37376K, reserved 38272K
Event: 653.910 GC heap after
Heap after GC invocations=1041 (full 9):
 def new generation   total 54720K, used 2893K [0x04800000, 0x08350000, 0x0f2a0000)
  eden space 48704K,   0% used [0x04800000, 0x04800000, 0x07790000)
  from space 6016K,  48% used [0x07d70000, 0x08043440, 0x08350000)
  to   space 6016K,   0% used [0x07790000, 0x07790000, 0x07d70000)
 tenured generation   total 121272K, used 120765K [0x0f2a0000, 0x1690e000, 0x24800000)
   the space 121272K,  99% used [0x0f2a0000, 0x1688f4e8, 0x1688f600, 0x1690e000)
 Metaspace       used 34614K, capacity 37243K, committed 37376K, reserved 38272K
}
Event: 663.320 GC heap before
{Heap before GC invocations=1041 (full 9):
 def new generation   total 54720K, used 51597K [0x04800000, 0x08350000, 0x0f2a0000)
  eden space 48704K, 100% used [0x04800000, 0x07790000, 0x07790000)
  from space 6016K,  48% used [0x07d70000, 0x08043440, 0x08350000)
  to   space 6016K,   0% used [0x07790000, 0x07790000, 0x07d70000)
 tenured generation   total 121272K, used 120765K [0x0f2a0000, 0x1690e000, 0x24800000)
   the space 121272K,  99% used [0x0f2a0000, 0x1688f4e8, 0x1688f600, 0x1690e000)
 Metaspace       used 34614K, capacity 37243K, committed 37376K, reserved 38272K
Event: 663.341 GC heap after
Heap after GC invocations=1042 (full 9):
 def new generation   total 54720K, used 4374K [0x04800000, 0x08350000, 0x0f2a0000)
  eden space 48704K,   0% used [0x04800000, 0x04800000, 0x07790000)
  from space 6016K,  72% used [0x07790000, 0x07bd5a20, 0x07d70000)
  to   space 6016K,   0% used [0x07d70000, 0x07d70000, 0x08350000)
 tenured generation   total 121272K, used 120765K [0x0f2a0000, 0x1690e000, 0x24800000)
   the space 121272K,  99% used [0x0f2a0000, 0x1688f4e8, 0x1688f600, 0x1690e000)
 Metaspace       used 34614K, capacity 37243K, committed 37376K, reserved 38272K
}
Event: 682.701 GC heap before
{Heap before GC invocations=1042 (full 9):
 def new generation   total 54720K, used 53078K [0x04800000, 0x08350000, 0x0f2a0000)
  eden space 48704K, 100% used [0x04800000, 0x07790000, 0x07790000)
  from space 6016K,  72% used [0x07790000, 0x07bd5a20, 0x07d70000)
  to   space 6016K,   0% used [0x07d70000, 0x07d70000, 0x08350000)
 tenured generation   total 121272K, used 120765K [0x0f2a0000, 0x1690e000, 0x24800000)
   the space 121272K,  99% used [0x0f2a0000, 0x1688f4e8, 0x1688f600, 0x1690e000)
 Metaspace       used 34614K, capacity 37243K, committed 37376K, reserved 38272K

